running
  '/data/tools/r/R-4.1.2/bin/R --no-echo --no-restore --file=brms_models_Vf.R'

Rows: 25900 Columns: 4
── Column specification ────────────────────────────────────────────────────────
Delimiter: "\t"
chr (2): Glottocode, AUTOTYP_area
dbl (2): Longitude, Latitude

ℹ Use `spec()` to retrieve the full column specification for this data.
ℹ Specify the column types or set `show_col_types = FALSE` to quiet this message.
Joining, by = "Glottocode"
[1] TRUE
Compiling Stan program...
Start sampling

SAMPLING FOR MODEL '42ed62fac02246425b4cd96fdd3d07fc' NOW (CHAIN 1).

SAMPLING FOR MODEL '42ed62fac02246425b4cd96fdd3d07fc' NOW (CHAIN 2).

SAMPLING FOR MODEL '42ed62fac02246425b4cd96fdd3d07fc' NOW (CHAIN 3).

SAMPLING FOR MODEL '42ed62fac02246425b4cd96fdd3d07fc' NOW (CHAIN 4).
Chain 2: 
Chain 2: Gradient evaluation took 0.039011 seconds
Chain 2: 1000 transitions using 10 leapfrog steps per transition would take 390.11 seconds.
Chain 2: Adjust your expectations accordingly!
Chain 2: 
Chain 2: 
Chain 3: 
Chain 3: Gradient evaluation took 0.053863 seconds
Chain 3: 1000 transitions using 10 leapfrog steps per transition would take 538.63 seconds.
Chain 3: Adjust your expectations accordingly!
Chain 3: 
Chain 3: 
Chain 4: 
Chain 4: Gradient evaluation took 0.059869 seconds
Chain 4: 1000 transitions using 10 leapfrog steps per transition would take 598.69 seconds.
Chain 4: Adjust your expectations accordingly!
Chain 4: 
Chain 4: 
Chain 1: 
Chain 1: Gradient evaluation took 0.046859 seconds
Chain 1: 1000 transitions using 10 leapfrog steps per transition would take 468.59 seconds.
Chain 1: Adjust your expectations accordingly!
Chain 1: 
Chain 1: 
Chain 2: Iteration:     1 / 25000 [  0%]  (Warmup)
Chain 3: Iteration:     1 / 25000 [  0%]  (Warmup)
Chain 4: Iteration:     1 / 25000 [  0%]  (Warmup)
Chain 1: Iteration:     1 / 25000 [  0%]  (Warmup)
Chain 1: Iteration:  2500 / 25000 [ 10%]  (Warmup)
Chain 4: Iteration:  2500 / 25000 [ 10%]  (Warmup)
Chain 2: Iteration:  2500 / 25000 [ 10%]  (Warmup)
Chain 3: Iteration:  2500 / 25000 [ 10%]  (Warmup)
Chain 1: Iteration:  5000 / 25000 [ 20%]  (Warmup)
Chain 3: Iteration:  5000 / 25000 [ 20%]  (Warmup)
Chain 2: Iteration:  5000 / 25000 [ 20%]  (Warmup)
Chain 4: Iteration:  5000 / 25000 [ 20%]  (Warmup)
Chain 1: Iteration:  7500 / 25000 [ 30%]  (Warmup)
Chain 3: Iteration:  7500 / 25000 [ 30%]  (Warmup)
Chain 2: Iteration:  7500 / 25000 [ 30%]  (Warmup)
Chain 4: Iteration:  7500 / 25000 [ 30%]  (Warmup)
Chain 3: Iteration: 10000 / 25000 [ 40%]  (Warmup)
Chain 1: Iteration: 10000 / 25000 [ 40%]  (Warmup)
Chain 2: Iteration: 10000 / 25000 [ 40%]  (Warmup)
Chain 4: Iteration: 10000 / 25000 [ 40%]  (Warmup)
Chain 3: Iteration: 12500 / 25000 [ 50%]  (Warmup)
Chain 3: Iteration: 12501 / 25000 [ 50%]  (Sampling)
Chain 1: Iteration: 12500 / 25000 [ 50%]  (Warmup)
Chain 1: Iteration: 12501 / 25000 [ 50%]  (Sampling)
Chain 2: Iteration: 12500 / 25000 [ 50%]  (Warmup)
Chain 2: Iteration: 12501 / 25000 [ 50%]  (Sampling)
Chain 4: Iteration: 12500 / 25000 [ 50%]  (Warmup)
Chain 4: Iteration: 12501 / 25000 [ 50%]  (Sampling)
Chain 3: Iteration: 15000 / 25000 [ 60%]  (Sampling)
Chain 2: Iteration: 15000 / 25000 [ 60%]  (Sampling)
Chain 4: Iteration: 15000 / 25000 [ 60%]  (Sampling)
Chain 1: Iteration: 15000 / 25000 [ 60%]  (Sampling)
Chain 3: Iteration: 17500 / 25000 [ 70%]  (Sampling)
Chain 2: Iteration: 17500 / 25000 [ 70%]  (Sampling)
Chain 4: Iteration: 17500 / 25000 [ 70%]  (Sampling)
Chain 3: Iteration: 20000 / 25000 [ 80%]  (Sampling)
Chain 2: Iteration: 20000 / 25000 [ 80%]  (Sampling)
Chain 4: Iteration: 20000 / 25000 [ 80%]  (Sampling)
Chain 1: Iteration: 17500 / 25000 [ 70%]  (Sampling)
Chain 3: Iteration: 22500 / 25000 [ 90%]  (Sampling)
Chain 2: Iteration: 22500 / 25000 [ 90%]  (Sampling)
Chain 4: Iteration: 22500 / 25000 [ 90%]  (Sampling)
Chain 3: Iteration: 25000 / 25000 [100%]  (Sampling)
Chain 3: 
Chain 3:  Elapsed Time: 39960.8 seconds (Warm-up)
Chain 3:                52648.8 seconds (Sampling)
Chain 3:                92609.5 seconds (Total)
Chain 3: 
Chain 2: Iteration: 25000 / 25000 [100%]  (Sampling)
Chain 2: 
Chain 2:  Elapsed Time: 46188.7 seconds (Warm-up)
Chain 2:                50629.1 seconds (Sampling)
Chain 2:                96817.9 seconds (Total)
Chain 2: 
Chain 1: Iteration: 20000 / 25000 [ 80%]  (Sampling)
Chain 4: Iteration: 25000 / 25000 [100%]  (Sampling)
Chain 4: 
Chain 4:  Elapsed Time: 47980.1 seconds (Warm-up)
Chain 4:                50642.8 seconds (Sampling)
Chain 4:                98622.9 seconds (Total)
Chain 4: 
Chain 1: Iteration: 22500 / 25000 [ 90%]  (Sampling)
Chain 1: Iteration: 25000 / 25000 [100%]  (Sampling)
Chain 1: 
Chain 1:  Elapsed Time: 41995.2 seconds (Warm-up)
Chain 1:                76230.5 seconds (Sampling)
Chain 1:                118226 seconds (Total)
Chain 1: 
Model summary: model 2 - spa Family: bernoulli 
  Links: mu = logit 
Formula: Verb_final ~ 1 + (1 | gr(Glottocode2, cov = spatial_covar_mat_local)) 
   Data: grambank_phylopath_compl (Number of observations: 1705) 
  Draws: 4 chains, each with iter = 25000; warmup = 12500; thin = 1;
         total post-warmup draws = 50000

Group-Level Effects: 
~Glottocode2 (Number of levels: 1705) 
              Estimate Est.Error l-95% CI u-95% CI Rhat Bulk_ESS Tail_ESS
sd(Intercept)     0.27      0.27     0.01     1.03 1.00     2210     1506

Population-Level Effects: 
          Estimate Est.Error l-95% CI u-95% CI Rhat Bulk_ESS Tail_ESS
Intercept    -0.53      0.06    -0.66    -0.42 1.00     5631     3389

Draws were sampled using sampling(NUTS). For each parameter, Bulk_ESS
and Tail_ESS are effective sample size measures, and Rhat is the potential
scale reduction factor on split chains (at convergence, Rhat = 1).
Compiling Stan program...
Start sampling

SAMPLING FOR MODEL 'a687c91fda89cf052f64a394ac04d205' NOW (CHAIN 1).

SAMPLING FOR MODEL 'a687c91fda89cf052f64a394ac04d205' NOW (CHAIN 2).

SAMPLING FOR MODEL 'a687c91fda89cf052f64a394ac04d205' NOW (CHAIN 3).

SAMPLING FOR MODEL 'a687c91fda89cf052f64a394ac04d205' NOW (CHAIN 4).
Chain 1: 
Chain 1: Gradient evaluation took 0.057944 seconds
Chain 1: 1000 transitions using 10 leapfrog steps per transition would take 579.44 seconds.
Chain 1: Adjust your expectations accordingly!
Chain 1: 
Chain 1: 
Chain 2: 
Chain 2: Gradient evaluation took 0.064475 seconds
Chain 2: 1000 transitions using 10 leapfrog steps per transition would take 644.75 seconds.
Chain 2: Adjust your expectations accordingly!
Chain 2: 
Chain 2: 
Chain 3: 
Chain 3: Gradient evaluation took 0.070019 seconds
Chain 3: 1000 transitions using 10 leapfrog steps per transition would take 700.19 seconds.
Chain 3: Adjust your expectations accordingly!
Chain 3: 
Chain 3: 
Chain 4: 
Chain 4: Gradient evaluation took 0.079696 seconds
Chain 4: 1000 transitions using 10 leapfrog steps per transition would take 796.96 seconds.
Chain 4: Adjust your expectations accordingly!
Chain 4: 
Chain 4: 
Chain 1: Iteration:     1 / 25000 [  0%]  (Warmup)
Chain 2: Iteration:     1 / 25000 [  0%]  (Warmup)
Chain 3: Iteration:     1 / 25000 [  0%]  (Warmup)
Chain 4: Iteration:     1 / 25000 [  0%]  (Warmup)
Chain 1: Iteration:  2500 / 25000 [ 10%]  (Warmup)
Chain 4: Iteration:  2500 / 25000 [ 10%]  (Warmup)
Chain 2: Iteration:  2500 / 25000 [ 10%]  (Warmup)
Chain 3: Iteration:  2500 / 25000 [ 10%]  (Warmup)
Chain 1: Iteration:  5000 / 25000 [ 20%]  (Warmup)
Chain 3: Iteration:  5000 / 25000 [ 20%]  (Warmup)
Chain 4: Iteration:  5000 / 25000 [ 20%]  (Warmup)
Chain 2: Iteration:  5000 / 25000 [ 20%]  (Warmup)
Chain 4: Iteration:  7500 / 25000 [ 30%]  (Warmup)
Chain 1: Iteration:  7500 / 25000 [ 30%]  (Warmup)
Chain 3: Iteration:  7500 / 25000 [ 30%]  (Warmup)
Chain 2: Iteration:  7500 / 25000 [ 30%]  (Warmup)
Chain 4: Iteration: 10000 / 25000 [ 40%]  (Warmup)
Chain 3: Iteration: 10000 / 25000 [ 40%]  (Warmup)
Chain 1: Iteration: 10000 / 25000 [ 40%]  (Warmup)
Chain 2: Iteration: 10000 / 25000 [ 40%]  (Warmup)
Chain 3: Iteration: 12500 / 25000 [ 50%]  (Warmup)
Chain 3: Iteration: 12501 / 25000 [ 50%]  (Sampling)
Chain 4: Iteration: 12500 / 25000 [ 50%]  (Warmup)
Chain 4: Iteration: 12501 / 25000 [ 50%]  (Sampling)
Chain 1: Iteration: 12500 / 25000 [ 50%]  (Warmup)
Chain 1: Iteration: 12501 / 25000 [ 50%]  (Sampling)
Chain 2: Iteration: 12500 / 25000 [ 50%]  (Warmup)
Chain 2: Iteration: 12501 / 25000 [ 50%]  (Sampling)
Chain 1: Iteration: 15000 / 25000 [ 60%]  (Sampling)
Chain 2: Iteration: 15000 / 25000 [ 60%]  (Sampling)
Chain 3: Iteration: 15000 / 25000 [ 60%]  (Sampling)
Chain 4: Iteration: 15000 / 25000 [ 60%]  (Sampling)
Chain 1: Iteration: 17500 / 25000 [ 70%]  (Sampling)
Chain 2: Iteration: 17500 / 25000 [ 70%]  (Sampling)
Chain 1: Iteration: 20000 / 25000 [ 80%]  (Sampling)
Chain 2: Iteration: 20000 / 25000 [ 80%]  (Sampling)
Chain 3: Iteration: 17500 / 25000 [ 70%]  (Sampling)
Chain 1: Iteration: 22500 / 25000 [ 90%]  (Sampling)
Chain 4: Iteration: 17500 / 25000 [ 70%]  (Sampling)
Chain 2: Iteration: 22500 / 25000 [ 90%]  (Sampling)
Chain 1: Iteration: 25000 / 25000 [100%]  (Sampling)
Chain 1: 
Chain 1:  Elapsed Time: 219751 seconds (Warm-up)
Chain 1:                204306 seconds (Sampling)
Chain 1:                424058 seconds (Total)
Chain 1: 
Chain 2: Iteration: 25000 / 25000 [100%]  (Sampling)
Chain 2: 
Chain 2:  Elapsed Time: 251484 seconds (Warm-up)
Chain 2:                198324 seconds (Sampling)
Chain 2:                449808 seconds (Total)
Chain 2: 
Chain 3: Iteration: 20000 / 25000 [ 80%]  (Sampling)
Chain 4: Iteration: 20000 / 25000 [ 80%]  (Sampling)
Chain 3: Iteration: 22500 / 25000 [ 90%]  (Sampling)
Chain 4: Iteration: 22500 / 25000 [ 90%]  (Sampling)
Chain 3: Iteration: 25000 / 25000 [100%]  (Sampling)
Chain 3: 
Chain 3:  Elapsed Time: 217732 seconds (Warm-up)
Chain 3:                345756 seconds (Sampling)
Chain 3:                563488 seconds (Total)
Chain 3: 
Chain 4: Iteration: 25000 / 25000 [100%]  (Sampling)
Chain 4: 
Chain 4:  Elapsed Time: 217826 seconds (Warm-up)
Chain 4:                347490 seconds (Sampling)
Chain 4:                565316 seconds (Total)
Chain 4: 
Model summary: model3 - phy + spa Family: bernoulli 
  Links: mu = logit 
Formula: Verb_final ~ 1 + (1 | gr(Glottocode2, cov = spatial_covar_mat_local)) + (1 | gr(Glottocode, cov = A)) 
   Data: grambank_phylopath_compl (Number of observations: 1705) 
  Draws: 4 chains, each with iter = 25000; warmup = 12500; thin = 1;
         total post-warmup draws = 50000

Group-Level Effects: 
~Glottocode (Number of levels: 1705) 
              Estimate Est.Error l-95% CI u-95% CI Rhat Bulk_ESS Tail_ESS
sd(Intercept)     2.06      0.41     1.40     3.01 1.00     9440    20937

~Glottocode2 (Number of levels: 1705) 
              Estimate Est.Error l-95% CI u-95% CI Rhat Bulk_ESS Tail_ESS
sd(Intercept)     0.21      0.19     0.01     0.71 1.00    21634    25677

Population-Level Effects: 
          Estimate Est.Error l-95% CI u-95% CI Rhat Bulk_ESS Tail_ESS
Intercept    -0.13      2.63    -5.51     5.10 1.00    36573    27612

Draws were sampled using sampling(NUTS). For each parameter, Bulk_ESS
and Tail_ESS are effective sample size measures, and Rhat is the potential
scale reduction factor on split chains (at convergence, Rhat = 1).
