running
  '/data/tools/r/R-4.1.2/bin/R --no-echo --no-restore --file=brms_LOO.R'

Installing package into ‘/data/users/shcherbakova/R_brms_CS1/rlib’
(as ‘lib’ is unspecified)
Installing package into ‘/data/users/shcherbakova/R_brms_CS1/rlib’
(as ‘lib’ is unspecified)
Warning: dependency ‘graph’ is not available
also installing the dependency ‘ggm’

trying URL 'http://cran.rstudio.com/src/contrib/ggm_2.5.tar.gz'
Content type 'application/x-gzip' length 109414 bytes (106 KB)
==================================================
downloaded 106 KB

trying URL 'http://cran.rstudio.com/src/contrib/phylopath_1.1.3.tar.gz'
Content type 'application/x-gzip' length 765833 bytes (747 KB)
==================================================
downloaded 747 KB

ERROR: dependency ‘graph’ is not available for package ‘ggm’
* removing ‘/data/users/shcherbakova/R_brms_CS1/rlib/ggm’
ERROR: dependency ‘ggm’ is not available for package ‘phylopath’
* removing ‘/data/users/shcherbakova/R_brms_CS1/rlib/phylopath’

The downloaded source packages are in
	‘/tmp/RtmpWVp6Q8/downloaded_packages’
Warning messages:
1: package ‘bayestraitr’ is not available for this version of R

A version of this package for your version of R might be available elsewhere,
see the ideas at
https://cran.r-project.org/doc/manuals/r-patched/R-admin.html#Installing-packages 
2: In p_install(package, character.only = TRUE, ...) : 
3: In library(package, lib.loc = lib.loc, character.only = TRUE, logical.return = TRUE,  :
  there is no package called ‘bayestraitr’
4: In utils::install.packages(package, ...) :
  installation of package ‘ggm’ had non-zero exit status
5: In utils::install.packages(package, ...) :
  installation of package ‘phylopath’ had non-zero exit status
6: In p_install(package, character.only = TRUE, ...) : 
7: In library(package, lib.loc = lib.loc, character.only = TRUE, logical.return = TRUE,  :
  there is no package called ‘phylopath’
8: In pacman::p_load(tidyverse, reshape2, stringr, readr, tidyr, dplyr,  :
  Failed to install/load:
bayestraitr, phylopath
 Family: bernoulli 
  Links: mu = logit 
Formula: Nominal_case ~ 1 + (1 | gr(Glottocode, cov = A)) 
   Data: grambank_phylopath_compl (Number of observations: 1705) 
  Draws: 4 chains, each with iter = 7000; warmup = 3500; thin = 1;
         total post-warmup draws = 14000

Group-Level Effects: 
~Glottocode (Number of levels: 1705) 
              Estimate Est.Error l-95% CI u-95% CI Rhat Bulk_ESS Tail_ESS
sd(Intercept)     0.87      0.13     0.65     1.17 1.00     2108     4233

Population-Level Effects: 
          Estimate Est.Error l-95% CI u-95% CI Rhat Bulk_ESS Tail_ESS
Intercept    -1.02      1.76    -4.70     2.33 1.00     2627     3266

Draws were sampled using sampling(NUTS). For each parameter, Bulk_ESS
and Tail_ESS are effective sample size measures, and Rhat is the potential
scale reduction factor on split chains (at convergence, Rhat = 1).
 Family: bernoulli 
  Links: mu = logit 
Formula: Nominal_case ~ 1 + (1 | gr(Glottocode2, cov = spatial_covar_mat_local)) 
   Data: grambank_phylopath_compl (Number of observations: 1705) 
  Draws: 4 chains, each with iter = 7000; warmup = 3500; thin = 1;
         total post-warmup draws = 14000

Group-Level Effects: 
~Glottocode2 (Number of levels: 1705) 
              Estimate Est.Error l-95% CI u-95% CI Rhat Bulk_ESS Tail_ESS
sd(Intercept)     3.12      0.35     2.52     3.86 1.00     3286     5928

Population-Level Effects: 
          Estimate Est.Error l-95% CI u-95% CI Rhat Bulk_ESS Tail_ESS
Intercept    -1.08      0.21    -1.49    -0.69 1.00     6536     8372

Draws were sampled using sampling(NUTS). For each parameter, Bulk_ESS
and Tail_ESS are effective sample size measures, and Rhat is the potential
scale reduction factor on split chains (at convergence, Rhat = 1).
 Family: bernoulli 
  Links: mu = logit 
Formula: Nominal_case ~ 1 + (1 | gr(Glottocode2, cov = spatial_covar_mat_local)) + (1 | gr(Glottocode, cov = A)) 
   Data: grambank_phylopath_compl (Number of observations: 1705) 
  Draws: 4 chains, each with iter = 7000; warmup = 3500; thin = 1;
         total post-warmup draws = 14000

Group-Level Effects: 
~Glottocode (Number of levels: 1705) 
              Estimate Est.Error l-95% CI u-95% CI Rhat Bulk_ESS Tail_ESS
sd(Intercept)     0.85      0.14     0.61     1.15 1.00     1537     3125

~Glottocode2 (Number of levels: 1705) 
              Estimate Est.Error l-95% CI u-95% CI Rhat Bulk_ESS Tail_ESS
sd(Intercept)     0.50      0.41     0.01     1.42 1.00      700     1373

Population-Level Effects: 
          Estimate Est.Error l-95% CI u-95% CI Rhat Bulk_ESS Tail_ESS
Intercept    -1.05      1.73    -4.67     2.29 1.00     2963     4239

Draws were sampled using sampling(NUTS). For each parameter, Bulk_ESS
and Tail_ESS are effective sample size measures, and Rhat is the potential
scale reduction factor on split chains (at convergence, Rhat = 1).
Warning messages:
1: Some Pareto k diagnostic values are too high. See help('pareto-k-diagnostic') for details.
 
2: Found 107 observations with a pareto_k > 0.7 in model 'model1'. With this many problematic observations, it may be more appropriate to use 'kfold' with argument 'K = 10' to perform 10-fold cross-validation rather than LOO. 
3: Some Pareto k diagnostic values are too high. See help('pareto-k-diagnostic') for details.
 
4: Found 70 observations with a pareto_k > 0.7 in model 'model2'. With this many problematic observations, it may be more appropriate to use 'kfold' with argument 'K = 10' to perform 10-fold cross-validation rather than LOO. 
5: Some Pareto k diagnostic values are too high. See help('pareto-k-diagnostic') for details.
 
6: Found 124 observations with a pareto_k > 0.7 in model 'model3'. With this many problematic observations, it may be more appropriate to use 'kfold' with argument 'K = 10' to perform 10-fold cross-validation rather than LOO. 
LOO comparison between the models with moment match set to TRUEOutput of model 'model1':

Computed from 14000 by 1705 log-likelihood matrix

         Estimate   SE
elpd_loo   -621.2 24.2
p_loo       275.9 12.7
looic      1242.3 48.3
------
Monte Carlo SE of elpd_loo is NA.

Pareto k diagnostic values:
                         Count Pct.    Min. n_eff
(-Inf, 0.5]   (good)     1291  75.7%   1325      
 (0.5, 0.7]   (ok)        307  18.0%   290       
   (0.7, 1]   (bad)        99   5.8%   50        
   (1, Inf)   (very bad)    8   0.5%   32        
See help('pareto-k-diagnostic') for details.

Output of model 'model2':

Computed from 14000 by 1705 log-likelihood matrix

         Estimate   SE
elpd_loo   -756.7 20.6
p_loo       354.3 11.4
looic      1513.4 41.3
------
Monte Carlo SE of elpd_loo is NA.

Pareto k diagnostic values:
                         Count Pct.    Min. n_eff
(-Inf, 0.5]   (good)     1012  59.4%   1350      
 (0.5, 0.7]   (ok)        623  36.5%   413       
   (0.7, 1]   (bad)        70   4.1%   231       
   (1, Inf)   (very bad)    0   0.0%   <NA>      
See help('pareto-k-diagnostic') for details.

Output of model 'model3':

Computed from 14000 by 1705 log-likelihood matrix

         Estimate   SE
elpd_loo   -624.4 24.1
p_loo       290.9 13.0
looic      1248.9 48.2
------
Monte Carlo SE of elpd_loo is NA.

Pareto k diagnostic values:
                         Count Pct.    Min. n_eff
(-Inf, 0.5]   (good)     1242  72.8%   1001      
 (0.5, 0.7]   (ok)        339  19.9%   233       
   (0.7, 1]   (bad)       118   6.9%   29        
   (1, Inf)   (very bad)    6   0.4%   22        
See help('pareto-k-diagnostic') for details.

Model comparisons:
       elpd_diff se_diff
model1    0.0       0.0 
model3   -3.3       1.8 
model2 -135.5      17.8 
Warning messages:
1: Found 143 observations with a pareto_k > 0.7 in model 'model1'. It is recommended to set 'moment_match = TRUE' in order to perform moment matching for problematic observations.  
2: Found 129 observations with a pareto_k > 0.7 in model 'model2'. It is recommended to set 'moment_match = TRUE' in order to perform moment matching for problematic observations.  
3: Found 133 observations with a pareto_k > 0.7 in model 'model3'. It is recommended to set 'moment_match = TRUE' in order to perform moment matching for problematic observations.  
LOO comparison (without moment_match set to TRUEOutput of model 'model1':

Computed from 14000 by 1705 log-likelihood matrix

         Estimate   SE
elpd_loo   -625.6 24.2
p_loo       286.8 12.8
looic      1251.1 48.3
------
Monte Carlo SE of elpd_loo is NA.

Pareto k diagnostic values:
                         Count Pct.    Min. n_eff
(-Inf, 0.5]   (good)     1280  75.1%   1325      
 (0.5, 0.7]   (ok)        282  16.5%   290       
   (0.7, 1]   (bad)       135   7.9%   50        
   (1, Inf)   (very bad)    8   0.5%   32        
See help('pareto-k-diagnostic') for details.

Output of model 'model2':

Computed from 14000 by 1705 log-likelihood matrix

         Estimate   SE
elpd_loo   -763.7 20.7
p_loo       371.9 11.5
looic      1527.4 41.3
------
Monte Carlo SE of elpd_loo is NA.

Pareto k diagnostic values:
                         Count Pct.    Min. n_eff
(-Inf, 0.5]   (good)     984   57.7%   1350      
 (0.5, 0.7]   (ok)       592   34.7%   413       
   (0.7, 1]   (bad)      129    7.6%   234       
   (1, Inf)   (very bad)   0    0.0%   <NA>      
See help('pareto-k-diagnostic') for details.

Output of model 'model3':

Computed from 14000 by 1705 log-likelihood matrix

         Estimate   SE
elpd_loo   -625.3 24.1
p_loo       292.6 13.0
looic      1250.6 48.2
------
Monte Carlo SE of elpd_loo is NA.

Pareto k diagnostic values:
                         Count Pct.    Min. n_eff
(-Inf, 0.5]   (good)     1241  72.8%   1001      
 (0.5, 0.7]   (ok)        331  19.4%   233       
   (0.7, 1]   (bad)       127   7.4%   29        
   (1, Inf)   (very bad)    6   0.4%   22        
See help('pareto-k-diagnostic') for details.

Model comparisons:
       elpd_diff se_diff
model3    0.0       0.0 
model1   -0.3       1.6 
model2 -138.4      17.5 
R version 4.1.2 (2021-11-01)
Platform: x86_64-pc-linux-gnu (64-bit)
Running under: Ubuntu 18.04.6 LTS

Matrix products: default
BLAS:   /data/tools/r/R-4.1.2/lib/libRblas.so
LAPACK: /data/tools/r/R-4.1.2/lib/libRlapack.so

locale:
 [1] LC_CTYPE=en_US.UTF-8       LC_NUMERIC=C              
 [3] LC_TIME=en_US.UTF-8        LC_COLLATE=en_US.UTF-8    
 [5] LC_MONETARY=en_US.UTF-8    LC_MESSAGES=en_US.UTF-8   
 [7] LC_PAPER=en_US.UTF-8       LC_NAME=C                 
 [9] LC_ADDRESS=C               LC_TELEPHONE=C            
[11] LC_MEASUREMENT=en_US.UTF-8 LC_IDENTIFICATION=C       

attached base packages:
[1] stats     graphics  grDevices utils     datasets  methods   base     

other attached packages:
 [1] future_1.23.0      ggnewscale_0.4.5   here_1.0.1         beepr_1.3         
 [5] assertthat_0.2.1   geiger_2.0.7       caper_1.0.1        mvtnorm_1.1-3     
 [9] MASS_7.3-54        phytools_0.7-90    maps_3.4.0         ape_5.5           
[13] patchwork_1.1.1    ggraph_2.0.5       RColorBrewer_1.1-2 ggtree_3.2.0      
[17] viridis_0.6.2      viridisLite_0.4.0  bayesplot_1.8.1    tidybayes_3.0.2   
[21] posterior_1.1.0    brms_2.17.0        Rcpp_1.0.7         flextable_0.7.2   
[25] reshape2_1.4.4     forcats_0.5.1      stringr_1.4.0      dplyr_1.0.7       
[29] purrr_0.3.4        readr_2.0.2        tidyr_1.1.4        tibble_3.1.6      
[33] ggplot2_3.3.5      tidyverse_1.3.1    pacman_0.5.1      

loaded via a namespace (and not attached):
  [1] utf8_1.2.2              tidyselect_1.1.1        lme4_1.1-27.1          
  [4] htmlwidgets_1.5.4       grid_4.1.2              combinat_0.0-8         
  [7] munsell_0.5.0           codetools_0.2-18        DT_0.19                
 [10] miniUI_0.1.1.1          withr_2.4.2             audio_0.1-8            
 [13] Brobdingnag_1.2-6       colorspace_2.0-2        knitr_1.36             
 [16] uuid_1.0-3              rstudioapi_0.13         stats4_4.1.2           
 [19] officer_0.4.3           listenv_0.8.0           rstan_2.21.5           
 [22] mnormt_2.0.2            polyclip_1.10-0         farver_2.1.0           
 [25] bridgesampling_1.1-2    rprojroot_2.0.2         parallelly_1.28.1      
 [28] coda_0.19-4             vctrs_0.3.8             treeio_1.18.0          
 [31] generics_0.1.1          clusterGeneration_1.3.7 xfun_0.28              
 [34] R6_2.5.1                markdown_1.1            graphlayouts_0.7.2     
 [37] gamm4_0.2-6             projpred_2.0.2          gridGraphics_0.5-1     
 [40] promises_1.2.0.1        scales_1.1.1            gtable_0.3.0           
 [43] globals_0.14.0          processx_3.5.2          phangorn_2.8.0         
 [46] tidygraph_1.2.0         rlang_0.4.12            systemfonts_1.0.4      
 [49] scatterplot3d_0.3-41    splines_4.1.2           lazyeval_0.2.2         
 [52] broom_0.7.10            checkmate_2.0.0         inline_0.3.19          
 [55] BiocManager_1.30.16     abind_1.4-5             modelr_0.1.8           
 [58] threejs_0.3.3           crosstalk_1.2.0         backports_1.3.0        
 [61] httpuv_1.6.3            rsconnect_0.8.24        tensorA_0.36.2         
 [64] tools_4.1.2             ggplotify_0.1.0         ellipsis_0.3.2         
 [67] ggridges_0.5.3          plyr_1.8.6              base64enc_0.1-3        
 [70] ps_1.6.0                prettyunits_1.1.1       deSolve_1.30           
 [73] zoo_1.8-9               haven_2.4.3             ggrepel_0.9.1          
 [76] fs_1.5.0                magrittr_2.0.1          data.table_1.14.2      
 [79] ggdist_3.1.1            colourpicker_1.1.1      reprex_2.0.1           
 [82] tmvnsim_1.0-2           matrixStats_0.61.0      hms_1.1.1              
 [85] shinyjs_2.0.0           mime_0.12               evaluate_0.14          
 [88] arrayhelpers_1.1-0      xtable_1.8-4            shinystan_2.5.0        
 [91] readxl_1.3.1            gridExtra_2.3           rstantools_2.1.1       
 [94] compiler_4.1.2          crayon_1.4.2            minqa_1.2.4            
 [97] StanHeaders_2.21.0-7    htmltools_0.5.2         ggfun_0.0.4            
[100] mgcv_1.8-38             later_1.3.0             tzdb_0.2.0             
[103] aplot_0.1.1             expm_0.999-6            RcppParallel_5.1.4     
[106] lubridate_1.8.0         DBI_1.1.1               tweenr_1.0.2           
[109] subplex_1.6             dbplyr_2.1.1            boot_1.3-28            
[112] Matrix_1.3-4            cli_3.1.0               quadprog_1.5-8         
[115] parallel_4.1.2          igraph_1.2.8            pkgconfig_2.0.3        
[118] numDeriv_2016.8-1.1     xml2_1.3.2              svUnit_1.0.6           
[121] dygraphs_1.1.1.6        rvest_1.0.2             yulab.utils_0.0.4      
[124] distributional_0.3.0    callr_3.7.0             digest_0.6.28          
[127] fastmatch_1.1-3         rmarkdown_2.11          cellranger_1.1.0       
[130] tidytree_0.3.5          gdtools_0.2.4           shiny_1.7.1            
[133] gtools_3.9.2            nloptr_1.2.2.3          lifecycle_1.0.1        
[136] nlme_3.1-153            jsonlite_1.7.2          fansi_0.5.0            
[139] pillar_1.6.4            lattice_0.20-45         loo_2.4.1              
[142] plotrix_3.8-2           fastmap_1.1.0           httr_1.4.2             
[145] pkgbuild_1.2.0          glue_1.5.0              xts_0.12.1             
[148] zip_2.2.0               shinythemes_1.2.0       ggforce_0.3.3          
[151] stringi_1.7.5          
