running
  '/data/tools/r/R-4.1.2/bin/R --no-echo --no-restore --file=brms_models_FWO.R'

Installing package into ‘/data/users/shcherbakova/R_brms_CS1/rlib’
(as ‘lib’ is unspecified)
Installing package into ‘/data/users/shcherbakova/R_brms_CS1/rlib’
(as ‘lib’ is unspecified)
Warning: dependency ‘graph’ is not available
also installing the dependency ‘ggm’

trying URL 'http://cran.rstudio.com/src/contrib/ggm_2.5.tar.gz'
Content type 'application/x-gzip' length 109414 bytes (106 KB)
==================================================
downloaded 106 KB

trying URL 'http://cran.rstudio.com/src/contrib/phylopath_1.1.3.tar.gz'
Content type 'application/x-gzip' length 765833 bytes (747 KB)
==================================================
downloaded 747 KB

ERROR: dependency ‘graph’ is not available for package ‘ggm’
* removing ‘/data/users/shcherbakova/R_brms_CS1/rlib/ggm’
ERROR: dependency ‘ggm’ is not available for package ‘phylopath’
* removing ‘/data/users/shcherbakova/R_brms_CS1/rlib/phylopath’

The downloaded source packages are in
	‘/tmp/RtmpEz8l8J/downloaded_packages’
Warning messages:
1: package ‘bayestraitr’ is not available for this version of R

A version of this package for your version of R might be available elsewhere,
see the ideas at
https://cran.r-project.org/doc/manuals/r-patched/R-admin.html#Installing-packages 
2: In p_install(package, character.only = TRUE, ...) : 
3: In library(package, lib.loc = lib.loc, character.only = TRUE, logical.return = TRUE,  :
  there is no package called ‘bayestraitr’
4: In utils::install.packages(package, ...) :
  installation of package ‘ggm’ had non-zero exit status
5: In utils::install.packages(package, ...) :
  installation of package ‘phylopath’ had non-zero exit status
6: In p_install(package, character.only = TRUE, ...) : 
7: In library(package, lib.loc = lib.loc, character.only = TRUE, logical.return = TRUE,  :
  there is no package called ‘phylopath’
8: In pacman::p_load(tidyverse, reshape2, stringr, readr, tidyr, dplyr,  :
  Failed to install/load:
bayestraitr, phylopath
Rows: 25900 Columns: 4
── Column specification ────────────────────────────────────────────────────────
Delimiter: "\t"
chr (2): Glottocode, AUTOTYP_area
dbl (2): Longitude, Latitude

ℹ Use `spec()` to retrieve the full column specification for this data.
ℹ Specify the column types or set `show_col_types = FALSE` to quiet this message.
Joining, by = "Glottocode"
[1] TRUE
Compiling Stan program...
Start sampling

SAMPLING FOR MODEL '42ed62fac02246425b4cd96fdd3d07fc' NOW (CHAIN 1).

SAMPLING FOR MODEL '42ed62fac02246425b4cd96fdd3d07fc' NOW (CHAIN 2).

SAMPLING FOR MODEL '42ed62fac02246425b4cd96fdd3d07fc' NOW (CHAIN 3).

SAMPLING FOR MODEL '42ed62fac02246425b4cd96fdd3d07fc' NOW (CHAIN 4).
Chain 1: 
Chain 1: Gradient evaluation took 0.031813 seconds
Chain 1: 1000 transitions using 10 leapfrog steps per transition would take 318.13 seconds.
Chain 1: Adjust your expectations accordingly!
Chain 1: 
Chain 1: 
Chain 2: 
Chain 2: Gradient evaluation took 0.033745 seconds
Chain 2: 1000 transitions using 10 leapfrog steps per transition would take 337.45 seconds.
Chain 2: Adjust your expectations accordingly!
Chain 2: 
Chain 2: 
Chain 3: 
Chain 3: Gradient evaluation took 0.038155 seconds
Chain 3: 1000 transitions using 10 leapfrog steps per transition would take 381.55 seconds.
Chain 3: Adjust your expectations accordingly!
Chain 3: 
Chain 3: 
Chain 4: 
Chain 4: Gradient evaluation took 0.038575 seconds
Chain 4: 1000 transitions using 10 leapfrog steps per transition would take 385.75 seconds.
Chain 4: Adjust your expectations accordingly!
Chain 4: 
Chain 4: 
Chain 1: Iteration:    1 / 7000 [  0%]  (Warmup)
Chain 3: Iteration:    1 / 7000 [  0%]  (Warmup)
Chain 2: Iteration:    1 / 7000 [  0%]  (Warmup)
Chain 4: Iteration:    1 / 7000 [  0%]  (Warmup)
Chain 3: Iteration:  700 / 7000 [ 10%]  (Warmup)
Chain 1: Iteration:  700 / 7000 [ 10%]  (Warmup)
Chain 2: Iteration:  700 / 7000 [ 10%]  (Warmup)
Chain 4: Iteration:  700 / 7000 [ 10%]  (Warmup)
Chain 3: Iteration: 1400 / 7000 [ 20%]  (Warmup)
Chain 1: Iteration: 1400 / 7000 [ 20%]  (Warmup)
Chain 2: Iteration: 1400 / 7000 [ 20%]  (Warmup)
Chain 4: Iteration: 1400 / 7000 [ 20%]  (Warmup)
Chain 3: Iteration: 2100 / 7000 [ 30%]  (Warmup)
Chain 1: Iteration: 2100 / 7000 [ 30%]  (Warmup)
Chain 4: Iteration: 2100 / 7000 [ 30%]  (Warmup)
Chain 2: Iteration: 2100 / 7000 [ 30%]  (Warmup)
Chain 3: Iteration: 2800 / 7000 [ 40%]  (Warmup)
Chain 1: Iteration: 2800 / 7000 [ 40%]  (Warmup)
Chain 4: Iteration: 2800 / 7000 [ 40%]  (Warmup)
Chain 2: Iteration: 2800 / 7000 [ 40%]  (Warmup)
Chain 3: Iteration: 3500 / 7000 [ 50%]  (Warmup)
Chain 3: Iteration: 3501 / 7000 [ 50%]  (Sampling)
Chain 1: Iteration: 3500 / 7000 [ 50%]  (Warmup)
Chain 1: Iteration: 3501 / 7000 [ 50%]  (Sampling)
Chain 2: Iteration: 3500 / 7000 [ 50%]  (Warmup)
Chain 2: Iteration: 3501 / 7000 [ 50%]  (Sampling)
Chain 4: Iteration: 3500 / 7000 [ 50%]  (Warmup)
Chain 4: Iteration: 3501 / 7000 [ 50%]  (Sampling)
Chain 3: Iteration: 4200 / 7000 [ 60%]  (Sampling)
Chain 1: Iteration: 4200 / 7000 [ 60%]  (Sampling)
Chain 2: Iteration: 4200 / 7000 [ 60%]  (Sampling)
Chain 4: Iteration: 4200 / 7000 [ 60%]  (Sampling)
Chain 3: Iteration: 4900 / 7000 [ 70%]  (Sampling)
Chain 1: Iteration: 4900 / 7000 [ 70%]  (Sampling)
Chain 2: Iteration: 4900 / 7000 [ 70%]  (Sampling)
Chain 4: Iteration: 4900 / 7000 [ 70%]  (Sampling)
Chain 3: Iteration: 5600 / 7000 [ 80%]  (Sampling)
Chain 1: Iteration: 5600 / 7000 [ 80%]  (Sampling)
Chain 2: Iteration: 5600 / 7000 [ 80%]  (Sampling)
Chain 4: Iteration: 5600 / 7000 [ 80%]  (Sampling)
Chain 3: Iteration: 6300 / 7000 [ 90%]  (Sampling)
Chain 1: Iteration: 6300 / 7000 [ 90%]  (Sampling)
Chain 2: Iteration: 6300 / 7000 [ 90%]  (Sampling)
Chain 4: Iteration: 6300 / 7000 [ 90%]  (Sampling)
Chain 3: Iteration: 7000 / 7000 [100%]  (Sampling)
Chain 3: 
Chain 3:  Elapsed Time: 15473.3 seconds (Warm-up)
Chain 3:                14738.9 seconds (Sampling)
Chain 3:                30212.1 seconds (Total)
Chain 3: 
Chain 1: Iteration: 7000 / 7000 [100%]  (Sampling)
Chain 1: 
Chain 1:  Elapsed Time: 15768.5 seconds (Warm-up)
Chain 1:                14697.8 seconds (Sampling)
Chain 1:                30466.3 seconds (Total)
Chain 1: 
Chain 2: Iteration: 7000 / 7000 [100%]  (Sampling)
Chain 2: 
Chain 2:  Elapsed Time: 15984.7 seconds (Warm-up)
Chain 2:                14613.4 seconds (Sampling)
Chain 2:                30598.2 seconds (Total)
Chain 2: 
Chain 4: Iteration: 7000 / 7000 [100%]  (Sampling)
Chain 4: 
Chain 4:  Elapsed Time: 16062.2 seconds (Warm-up)
Chain 4:                14571.9 seconds (Sampling)
Chain 4:                30634.1 seconds (Total)
Chain 4: 
Model summary: model 1 - phy Family: bernoulli 
  Links: mu = logit 
Formula: Free_word_order ~ 1 + (1 | gr(Glottocode, cov = A)) 
   Data: grambank_phylopath_compl (Number of observations: 1705) 
  Draws: 4 chains, each with iter = 7000; warmup = 3500; thin = 1;
         total post-warmup draws = 14000

Group-Level Effects: 
~Glottocode (Number of levels: 1705) 
              Estimate Est.Error l-95% CI u-95% CI Rhat Bulk_ESS Tail_ESS
sd(Intercept)     0.40      0.06     0.29     0.53 1.00     2047     4660

Population-Level Effects: 
          Estimate Est.Error l-95% CI u-95% CI Rhat Bulk_ESS Tail_ESS
Intercept    -1.39      1.00    -3.41     0.50 1.00     4691     7340

Draws were sampled using sampling(NUTS). For each parameter, Bulk_ESS
and Tail_ESS are effective sample size measures, and Rhat is the potential
scale reduction factor on split chains (at convergence, Rhat = 1).
Compiling Stan program...
Start sampling

SAMPLING FOR MODEL '42ed62fac02246425b4cd96fdd3d07fc' NOW (CHAIN 1).

SAMPLING FOR MODEL '42ed62fac02246425b4cd96fdd3d07fc' NOW (CHAIN 2).

SAMPLING FOR MODEL '42ed62fac02246425b4cd96fdd3d07fc' NOW (CHAIN 3).
Chain 1: 
Chain 1: Gradient evaluation took 0.025184 seconds
Chain 1: 1000 transitions using 10 leapfrog steps per transition would take 251.84 seconds.
Chain 1: Adjust your expectations accordingly!
Chain 1: 
Chain 1: 

SAMPLING FOR MODEL '42ed62fac02246425b4cd96fdd3d07fc' NOW (CHAIN 4).
Chain 2: 
Chain 2: Gradient evaluation took 0.026168 seconds
Chain 2: 1000 transitions using 10 leapfrog steps per transition would take 261.68 seconds.
Chain 2: Adjust your expectations accordingly!
Chain 2: 
Chain 2: 
Chain 3: 
Chain 3: Gradient evaluation took 0.027836 seconds
Chain 3: 1000 transitions using 10 leapfrog steps per transition would take 278.36 seconds.
Chain 3: Adjust your expectations accordingly!
Chain 3: 
Chain 3: 
Chain 4: 
Chain 4: Gradient evaluation took 0.032462 seconds
Chain 4: 1000 transitions using 10 leapfrog steps per transition would take 324.62 seconds.
Chain 4: Adjust your expectations accordingly!
Chain 4: 
Chain 4: 
Chain 1: Iteration:    1 / 7000 [  0%]  (Warmup)
Chain 2: Iteration:    1 / 7000 [  0%]  (Warmup)
Chain 3: Iteration:    1 / 7000 [  0%]  (Warmup)
Chain 4: Iteration:    1 / 7000 [  0%]  (Warmup)
Chain 2: Iteration:  700 / 7000 [ 10%]  (Warmup)
Chain 4: Iteration:  700 / 7000 [ 10%]  (Warmup)
Chain 3: Iteration:  700 / 7000 [ 10%]  (Warmup)
Chain 1: Iteration:  700 / 7000 [ 10%]  (Warmup)
Chain 4: Iteration: 1400 / 7000 [ 20%]  (Warmup)
Chain 3: Iteration: 1400 / 7000 [ 20%]  (Warmup)
Chain 2: Iteration: 1400 / 7000 [ 20%]  (Warmup)
Chain 1: Iteration: 1400 / 7000 [ 20%]  (Warmup)
Chain 3: Iteration: 2100 / 7000 [ 30%]  (Warmup)
Chain 4: Iteration: 2100 / 7000 [ 30%]  (Warmup)
Chain 2: Iteration: 2100 / 7000 [ 30%]  (Warmup)
Chain 1: Iteration: 2100 / 7000 [ 30%]  (Warmup)
Chain 3: Iteration: 2800 / 7000 [ 40%]  (Warmup)
Chain 2: Iteration: 2800 / 7000 [ 40%]  (Warmup)
Chain 4: Iteration: 2800 / 7000 [ 40%]  (Warmup)
Chain 1: Iteration: 2800 / 7000 [ 40%]  (Warmup)
Chain 3: Iteration: 3500 / 7000 [ 50%]  (Warmup)
Chain 3: Iteration: 3501 / 7000 [ 50%]  (Sampling)
Chain 2: Iteration: 3500 / 7000 [ 50%]  (Warmup)
Chain 2: Iteration: 3501 / 7000 [ 50%]  (Sampling)
Chain 4: Iteration: 3500 / 7000 [ 50%]  (Warmup)
Chain 4: Iteration: 3501 / 7000 [ 50%]  (Sampling)
Chain 1: Iteration: 3500 / 7000 [ 50%]  (Warmup)
Chain 1: Iteration: 3501 / 7000 [ 50%]  (Sampling)
Chain 3: Iteration: 4200 / 7000 [ 60%]  (Sampling)
Chain 2: Iteration: 4200 / 7000 [ 60%]  (Sampling)
Chain 4: Iteration: 4200 / 7000 [ 60%]  (Sampling)
Chain 1: Iteration: 4200 / 7000 [ 60%]  (Sampling)
Chain 3: Iteration: 4900 / 7000 [ 70%]  (Sampling)
Chain 2: Iteration: 4900 / 7000 [ 70%]  (Sampling)
Chain 4: Iteration: 4900 / 7000 [ 70%]  (Sampling)
Chain 1: Iteration: 4900 / 7000 [ 70%]  (Sampling)
Chain 2: Iteration: 5600 / 7000 [ 80%]  (Sampling)
Chain 3: Iteration: 5600 / 7000 [ 80%]  (Sampling)
Chain 4: Iteration: 5600 / 7000 [ 80%]  (Sampling)
Chain 1: Iteration: 5600 / 7000 [ 80%]  (Sampling)
Chain 2: Iteration: 6300 / 7000 [ 90%]  (Sampling)
Chain 3: Iteration: 6300 / 7000 [ 90%]  (Sampling)
Chain 4: Iteration: 6300 / 7000 [ 90%]  (Sampling)
Chain 1: Iteration: 6300 / 7000 [ 90%]  (Sampling)
Chain 2: Iteration: 7000 / 7000 [100%]  (Sampling)
Chain 2: 
Chain 2:  Elapsed Time: 3761.75 seconds (Warm-up)
Chain 2:                3218.65 seconds (Sampling)
Chain 2:                6980.4 seconds (Total)
Chain 2: 
Chain 3: Iteration: 7000 / 7000 [100%]  (Sampling)
Chain 3: 
Chain 3:  Elapsed Time: 3733.44 seconds (Warm-up)
Chain 3:                3268.74 seconds (Sampling)
Chain 3:                7002.18 seconds (Total)
Chain 3: 
Chain 4: Iteration: 7000 / 7000 [100%]  (Sampling)
Chain 4: 
Chain 4:  Elapsed Time: 3807.03 seconds (Warm-up)
Chain 4:                3245.17 seconds (Sampling)
Chain 4:                7052.19 seconds (Total)
Chain 4: 
Chain 1: Iteration: 7000 / 7000 [100%]  (Sampling)
Chain 1: 
Chain 1:  Elapsed Time: 3898.32 seconds (Warm-up)
Chain 1:                3216.69 seconds (Sampling)
Chain 1:                7115.01 seconds (Total)
Chain 1: 
Model summary: model 2 - spa Family: bernoulli 
  Links: mu = logit 
Formula: Free_word_order ~ 1 + (1 | gr(Glottocode2, cov = spatial_covar_mat_local)) 
   Data: grambank_phylopath_compl (Number of observations: 1705) 
  Draws: 4 chains, each with iter = 7000; warmup = 3500; thin = 1;
         total post-warmup draws = 14000

Group-Level Effects: 
~Glottocode2 (Number of levels: 1705) 
              Estimate Est.Error l-95% CI u-95% CI Rhat Bulk_ESS Tail_ESS
sd(Intercept)     1.49      0.16     1.19     1.83 1.00     3230     6366

Population-Level Effects: 
          Estimate Est.Error l-95% CI u-95% CI Rhat Bulk_ESS Tail_ESS
Intercept    -0.45      0.11    -0.67    -0.24 1.00     7116     9485

Draws were sampled using sampling(NUTS). For each parameter, Bulk_ESS
and Tail_ESS are effective sample size measures, and Rhat is the potential
scale reduction factor on split chains (at convergence, Rhat = 1).
Compiling Stan program...
Start sampling

SAMPLING FOR MODEL 'a687c91fda89cf052f64a394ac04d205' NOW (CHAIN 1).

SAMPLING FOR MODEL 'a687c91fda89cf052f64a394ac04d205' NOW (CHAIN 2).

SAMPLING FOR MODEL 'a687c91fda89cf052f64a394ac04d205' NOW (CHAIN 3).

SAMPLING FOR MODEL 'a687c91fda89cf052f64a394ac04d205' NOW (CHAIN 4).
Chain 1: 
Chain 1: Gradient evaluation took 0.053754 seconds
Chain 1: 1000 transitions using 10 leapfrog steps per transition would take 537.54 seconds.
Chain 1: Adjust your expectations accordingly!
Chain 1: 
Chain 1: 
Chain 2: 
Chain 2: Gradient evaluation took 0.060374 seconds
Chain 2: 1000 transitions using 10 leapfrog steps per transition would take 603.74 seconds.
Chain 2: Adjust your expectations accordingly!
Chain 2: 
Chain 2: 
Chain 3: 
Chain 3: Gradient evaluation took 0.068658 seconds
Chain 3: 1000 transitions using 10 leapfrog steps per transition would take 686.58 seconds.
Chain 3: Adjust your expectations accordingly!
Chain 3: 
Chain 3: 
Chain 4: 
Chain 4: Gradient evaluation took 0.075808 seconds
Chain 4: 1000 transitions using 10 leapfrog steps per transition would take 758.08 seconds.
Chain 4: Adjust your expectations accordingly!
Chain 4: 
Chain 4: 
Chain 1: Iteration:    1 / 7000 [  0%]  (Warmup)
Chain 3: Iteration:    1 / 7000 [  0%]  (Warmup)
Chain 2: Iteration:    1 / 7000 [  0%]  (Warmup)
Chain 4: Iteration:    1 / 7000 [  0%]  (Warmup)
Chain 1: Iteration:  700 / 7000 [ 10%]  (Warmup)
Chain 4: Iteration:  700 / 7000 [ 10%]  (Warmup)
Chain 3: Iteration:  700 / 7000 [ 10%]  (Warmup)
Chain 2: Iteration:  700 / 7000 [ 10%]  (Warmup)
Chain 1: Iteration: 1400 / 7000 [ 20%]  (Warmup)
Chain 4: Iteration: 1400 / 7000 [ 20%]  (Warmup)
Chain 2: Iteration: 1400 / 7000 [ 20%]  (Warmup)
Chain 3: Iteration: 1400 / 7000 [ 20%]  (Warmup)
Chain 1: Iteration: 2100 / 7000 [ 30%]  (Warmup)
Chain 4: Iteration: 2100 / 7000 [ 30%]  (Warmup)
Chain 2: Iteration: 2100 / 7000 [ 30%]  (Warmup)
Chain 3: Iteration: 2100 / 7000 [ 30%]  (Warmup)
Chain 4: Iteration: 2800 / 7000 [ 40%]  (Warmup)
Chain 1: Iteration: 2800 / 7000 [ 40%]  (Warmup)
Chain 2: Iteration: 2800 / 7000 [ 40%]  (Warmup)
Chain 3: Iteration: 2800 / 7000 [ 40%]  (Warmup)
Chain 4: Iteration: 3500 / 7000 [ 50%]  (Warmup)
Chain 4: Iteration: 3501 / 7000 [ 50%]  (Sampling)
Chain 1: Iteration: 3500 / 7000 [ 50%]  (Warmup)
Chain 2: Iteration: 3500 / 7000 [ 50%]  (Warmup)
Chain 1: Iteration: 3501 / 7000 [ 50%]  (Sampling)
Chain 2: Iteration: 3501 / 7000 [ 50%]  (Sampling)
Chain 3: Iteration: 3500 / 7000 [ 50%]  (Warmup)
Chain 3: Iteration: 3501 / 7000 [ 50%]  (Sampling)
Chain 2: Iteration: 4200 / 7000 [ 60%]  (Sampling)
Chain 1: Iteration: 4200 / 7000 [ 60%]  (Sampling)
Chain 3: Iteration: 4200 / 7000 [ 60%]  (Sampling)
Chain 4: Iteration: 4200 / 7000 [ 60%]  (Sampling)
Chain 2: Iteration: 4900 / 7000 [ 70%]  (Sampling)
Chain 1: Iteration: 4900 / 7000 [ 70%]  (Sampling)
Chain 3: Iteration: 4900 / 7000 [ 70%]  (Sampling)
Chain 2: Iteration: 5600 / 7000 [ 80%]  (Sampling)
Chain 1: Iteration: 5600 / 7000 [ 80%]  (Sampling)
Chain 3: Iteration: 5600 / 7000 [ 80%]  (Sampling)
Chain 4: Iteration: 4900 / 7000 [ 70%]  (Sampling)
Chain 2: Iteration: 6300 / 7000 [ 90%]  (Sampling)
Chain 1: Iteration: 6300 / 7000 [ 90%]  (Sampling)
Chain 3: Iteration: 6300 / 7000 [ 90%]  (Sampling)
Chain 2: Iteration: 7000 / 7000 [100%]  (Sampling)
Chain 2: 
Chain 2:  Elapsed Time: 22928.2 seconds (Warm-up)
Chain 2:                14586.3 seconds (Sampling)
Chain 2:                37514.4 seconds (Total)
Chain 2: 
Chain 1: Iteration: 7000 / 7000 [100%]  (Sampling)
Chain 1: 
Chain 1:  Elapsed Time: 22927.6 seconds (Warm-up)
Chain 1:                14662.5 seconds (Sampling)
Chain 1:                37590.1 seconds (Total)
Chain 1: 
Chain 3: Iteration: 7000 / 7000 [100%]  (Sampling)
Chain 3: 
Chain 3:  Elapsed Time: 24709.5 seconds (Warm-up)
Chain 3:                13962.9 seconds (Sampling)
Chain 3:                38672.4 seconds (Total)
Chain 3: 
Chain 4: Iteration: 5600 / 7000 [ 80%]  (Sampling)
Chain 4: Iteration: 6300 / 7000 [ 90%]  (Sampling)
Chain 4: Iteration: 7000 / 7000 [100%]  (Sampling)
Chain 4: 
Chain 4:  Elapsed Time: 22259.7 seconds (Warm-up)
Chain 4:                23204.1 seconds (Sampling)
Chain 4:                45463.8 seconds (Total)
Chain 4: 
Model summary: model3 - phy + spa Family: bernoulli 
  Links: mu = logit 
Formula: Free_word_order ~ 1 + (1 | gr(Glottocode2, cov = spatial_covar_mat_local)) + (1 | gr(Glottocode, cov = A)) 
   Data: grambank_phylopath_compl (Number of observations: 1705) 
  Draws: 4 chains, each with iter = 7000; warmup = 3500; thin = 1;
         total post-warmup draws = 14000

Group-Level Effects: 
~Glottocode (Number of levels: 1705) 
              Estimate Est.Error l-95% CI u-95% CI Rhat Bulk_ESS Tail_ESS
sd(Intercept)     0.23      0.06     0.13     0.36 1.00     1187     2201

~Glottocode2 (Number of levels: 1705) 
              Estimate Est.Error l-95% CI u-95% CI Rhat Bulk_ESS Tail_ESS
sd(Intercept)     1.14      0.18     0.79     1.52 1.00     2032     3516

Population-Level Effects: 
          Estimate Est.Error l-95% CI u-95% CI Rhat Bulk_ESS Tail_ESS
Intercept    -1.14      0.69    -2.58     0.18 1.00     4021     5393

Draws were sampled using sampling(NUTS). For each parameter, Bulk_ESS
and Tail_ESS are effective sample size measures, and Rhat is the potential
scale reduction factor on split chains (at convergence, Rhat = 1).
